Using pre-set license
Built from '2020.3/staging' branch; Version is '2020.3.17f1 (a4537701e4ab) revision 10769271'; Using compiler version '192528614'; Build Type 'Release'
OS: 'Windows 10 Pro; OS build 19042.1237; Version 2009; 64bit' Language: 'en' Physical Memory: 16253 MB
BatchMode: 1, IsHumanControllingUs: 0, StartBugReporterOnCrash: 0, Is64bit: 1, IsPro: 0

COMMAND LINE ARGUMENTS:
C:\Program Files\Unity\Hub\Editor\2020.3.17f1\Editor\Unity.exe
-adb2
-batchMode
-noUpm
-name
AssetImportWorker0
-projectPath
C:/Users/Suz/UnityProjects/RightClick_SandboxGen/New Unity Project
-logFile
Logs/AssetImportWorker0.log
-srvPort
60074
Successfully changed project path to: C:/Users/Suz/UnityProjects/RightClick_SandboxGen/New Unity Project
C:/Users/Suz/UnityProjects/RightClick_SandboxGen/New Unity Project
Using Asset Import Pipeline V2.
Refreshing native plugins compatible for Editor in 27.90 ms, found 2 plugins.
Preloading 0 native plugins for Editor in 0.00 ms.
Initialize engine version: 2020.3.17f1 (a4537701e4ab)
[Subsystems] Discovering subsystems at path C:/Program Files/Unity/Hub/Editor/2020.3.17f1/Editor/Data/Resources/UnitySubsystems
[Subsystems] Discovering subsystems at path C:/Users/Suz/UnityProjects/RightClick_SandboxGen/New Unity Project/Assets
GfxDevice: creating device client; threaded=0
Direct3D:
    Version:  Direct3D 11.0 [level 11.1]
    Renderer: NVIDIA GeForce GTX 1650 Ti (ID=0x1f95)
    Vendor:   
    VRAM:     3962 MB
    Driver:   27.21.14.6172
Initialize mono
Mono path[0] = 'C:/Program Files/Unity/Hub/Editor/2020.3.17f1/Editor/Data/Managed'
Mono path[1] = 'C:/Program Files/Unity/Hub/Editor/2020.3.17f1/Editor/Data/MonoBleedingEdge/lib/mono/unityjit'
Mono config path = 'C:/Program Files/Unity/Hub/Editor/2020.3.17f1/Editor/Data/MonoBleedingEdge/etc'
Using monoOptions --debugger-agent=transport=dt_socket,embedding=1,server=y,suspend=n,address=127.0.0.1:56628
Begin MonoManager ReloadAssembly
Registering precompiled unity dll's ...
Register platform support module: C:/Program Files/Unity/Hub/Editor/2020.3.17f1/Editor/Data/PlaybackEngines/WindowsStandaloneSupport/UnityEditor.WindowsStandalone.Extensions.dll
Registered in 0.001822 seconds.
Native extension for WindowsStandalone target not found
Refreshing native plugins compatible for Editor in 29.76 ms, found 2 plugins.
Preloading 0 native plugins for Editor in 0.00 ms.
Mono: successfully reloaded assembly
- Completed reload, in  0.924 seconds
Domain Reload Profiling:
	ReloadAssembly (924ms)
		BeginReloadAssembly (49ms)
			ExecutionOrderSort (0ms)
			DisableScriptedObjects (0ms)
			BackupInstance (0ms)
			ReleaseScriptingObjects (0ms)
			CreateAndSetChildDomain (1ms)
		EndReloadAssembly (376ms)
			LoadAssemblies (47ms)
			RebuildTransferFunctionScriptingTraits (0ms)
			SetupTypeCache (131ms)
			ReleaseScriptCaches (0ms)
			RebuildScriptCaches (31ms)
			SetupLoadedEditorAssemblies (146ms)
				LogAssemblyErrors (0ms)
				InitializePlatformSupportModulesInManaged (4ms)
				SetLoadedEditorAssemblies (0ms)
				RefreshPlugins (30ms)
				BeforeProcessingInitializeOnLoad (17ms)
				ProcessInitializeOnLoadAttributes (70ms)
				ProcessInitializeOnLoadMethodAttributes (24ms)
				AfterProcessingInitializeOnLoad (0ms)
				EditorAssembliesLoaded (0ms)
			ExecutionOrderSort2 (0ms)
			AwakeInstancesAfterBackupRestoration (0ms)
Platform modules already initialized, skipping
Registering precompiled user dll's ...
Registered in 0.003316 seconds.
Begin MonoManager ReloadAssembly
Native extension for WindowsStandalone target not found
Refreshing native plugins compatible for Editor in 0.51 ms, found 2 plugins.
Preloading 0 native plugins for Editor in 0.00 ms.
Mono: successfully reloaded assembly
- Completed reload, in  0.963 seconds
Domain Reload Profiling:
	ReloadAssembly (964ms)
		BeginReloadAssembly (129ms)
			ExecutionOrderSort (0ms)
			DisableScriptedObjects (4ms)
			BackupInstance (0ms)
			ReleaseScriptingObjects (0ms)
			CreateAndSetChildDomain (17ms)
		EndReloadAssembly (782ms)
			LoadAssemblies (74ms)
			RebuildTransferFunctionScriptingTraits (0ms)
			SetupTypeCache (242ms)
			ReleaseScriptCaches (0ms)
			RebuildScriptCaches (39ms)
			SetupLoadedEditorAssemblies (345ms)
				LogAssemblyErrors (0ms)
				InitializePlatformSupportModulesInManaged (5ms)
				SetLoadedEditorAssemblies (1ms)
				RefreshPlugins (1ms)
				BeforeProcessingInitializeOnLoad (70ms)
				ProcessInitializeOnLoadAttributes (259ms)
				ProcessInitializeOnLoadMethodAttributes (4ms)
				AfterProcessingInitializeOnLoad (5ms)
				EditorAssembliesLoaded (0ms)
			ExecutionOrderSort2 (0ms)
			AwakeInstancesAfterBackupRestoration (6ms)
Platform modules already initialized, skipping
========================================================================
Worker process is ready to serve import requests
Launched and connected shader compiler UnityShaderCompiler.exe after 0.05 seconds
Refreshing native plugins compatible for Editor in 0.32 ms, found 2 plugins.
Preloading 0 native plugins for Editor in 0.00 ms.
Unloading 1423 Unused Serialized files (Serialized files now loaded: 0)
System memory in use before: 65.7 MB.
System memory in use after: 65.8 MB.

Unloading 18 unused Assets to reduce memory usage. Loaded Objects now: 1857.
Total: 3.483100 ms (FindLiveObjects: 0.219900 ms CreateObjectMapping: 0.066100 ms MarkObjects: 3.115900 ms  DeleteObjects: 0.079400 ms)

AssetImportParameters requested are different than current active one (requested -> active):
  custom:framework-win-MediaFoundation: 216162199b28c13a410421893ffa2e32 -> 
  custom:video-decoder-ogg-theora: a1e56fd34408186e4bbccfd4996cb3dc -> 
  custom:container-muxer-webm: aa71ff27fc2769a1b78a27578f13a17b -> 
  custom:container-demuxer-webm: 4f35f7cbe854078d1ac9338744f61a02 -> 
  custom:container-demuxer-ogg: 62fdf1f143b41e24485cea50d1cbac27 -> 
  custom:video-encoder-webm-vp8: eb34c28f22e8b96e1ab97ce403110664 -> 
  custom:video-decoder-webm-vp8: 9c59270c3fd7afecdb556c50c9e8de78 -> 
  custom:audio-decoder-ogg-vorbis: bf7c407c2cedff20999df2af8eb42d56 -> 
  custom:audio-encoder-webm-vorbis: bf7c407c2cedff20999df2af8eb42d56 -> 
========================================================================
Received Import Request.
  path: Assets/Puppeteer/TriviaQuizGame/CS_Assets/CS_Scripts/TQGToggleSound.cs
  artifactKey: Guid(b4bd7bed9b6e50e4a971d2d643345da9) Importer(815301076,1909f56bfc062723c751e8b465ee728b)
Start importing Assets/Puppeteer/TriviaQuizGame/CS_Assets/CS_Scripts/TQGToggleSound.cs using Guid(b4bd7bed9b6e50e4a971d2d643345da9) Importer(815301076,1909f56bfc062723c751e8b465ee728b)  -> (artifact id: '1a741acedf849dca832c2579218aa985') in 0.030852 seconds 
  Import took 0.033448 seconds .

========================================================================
Received Import Request.
  Time since last request: 1.026617 seconds.
  path: Assets/Puppeteer/TriviaQuizGame/CS_Assets/CS_Scripts/TQGShareByMail.cs
  artifactKey: Guid(9b212787069f03c4c9e6db294f47d099) Importer(815301076,1909f56bfc062723c751e8b465ee728b)
Start importing Assets/Puppeteer/TriviaQuizGame/CS_Assets/CS_Scripts/TQGShareByMail.cs using Guid(9b212787069f03c4c9e6db294f47d099) Importer(815301076,1909f56bfc062723c751e8b465ee728b)  -> (artifact id: '3258316f9e42065c85e03093d40b7d4a') in 0.002014 seconds 
  Import took 0.009374 seconds .

========================================================================
Received Import Request.
  Time since last request: 0.001966 seconds.
  path: Assets/Puppeteer/TriviaQuizGame/CS_Assets/CS_Scripts/TQGShareByMail.cs
  artifactKey: Guid(9b212787069f03c4c9e6db294f47d099) Importer(815301076,1909f56bfc062723c751e8b465ee728b)
Start importing Assets/Puppeteer/TriviaQuizGame/CS_Assets/CS_Scripts/TQGShareByMail.cs using Guid(9b212787069f03c4c9e6db294f47d099) Importer(815301076,1909f56bfc062723c751e8b465ee728b)  -> (artifact id: '3258316f9e42065c85e03093d40b7d4a') in 0.001812 seconds 
  Import took 0.004051 seconds .

========================================================================
Received Import Request.
  Time since last request: 7.966466 seconds.
  path: Assets/Puppeteer/TriviaQuizGame/CS_Assets/CS_Scripts/TQGDynamicXML.cs
  artifactKey: Guid(294ce26c9b343334fa1f50995a4cb3d0) Importer(815301076,1909f56bfc062723c751e8b465ee728b)
Start importing Assets/Puppeteer/TriviaQuizGame/CS_Assets/CS_Scripts/TQGDynamicXML.cs using Guid(294ce26c9b343334fa1f50995a4cb3d0) Importer(815301076,1909f56bfc062723c751e8b465ee728b)  -> (artifact id: 'e038224fe979b6048e1e0d4ce81b99b1') in 0.002491 seconds 
  Import took 0.006464 seconds .

========================================================================
Received Import Request.
  Time since last request: 8.018253 seconds.
  path: Assets/Puppeteer/TriviaQuizGame/CS_Assets/CS_Scripts/TQGDynamicGrid.cs
  artifactKey: Guid(d0db9b3854f465243a560fee5e86d732) Importer(815301076,1909f56bfc062723c751e8b465ee728b)
Start importing Assets/Puppeteer/TriviaQuizGame/CS_Assets/CS_Scripts/TQGDynamicGrid.cs using Guid(d0db9b3854f465243a560fee5e86d732) Importer(815301076,1909f56bfc062723c751e8b465ee728b)  -> (artifact id: '1e5b5f6f6ad811ab37350bd412984768') in 0.001997 seconds 
  Import took 0.008495 seconds .

========================================================================
Received Import Request.
  Time since last request: 0.000527 seconds.
  path: Assets/Puppeteer/TriviaQuizGame/CS_Assets/CS_Scripts/TQGDynamicGrid.cs
  artifactKey: Guid(d0db9b3854f465243a560fee5e86d732) Importer(815301076,1909f56bfc062723c751e8b465ee728b)
Start importing Assets/Puppeteer/TriviaQuizGame/CS_Assets/CS_Scripts/TQGDynamicGrid.cs using Guid(d0db9b3854f465243a560fee5e86d732) Importer(815301076,1909f56bfc062723c751e8b465ee728b)  -> (artifact id: '1e5b5f6f6ad811ab37350bd412984768') in 0.002246 seconds 
  Import took 0.004796 seconds .

========================================================================
Received Import Request.
  Time since last request: 12.894720 seconds.
  path: Assets/Puppeteer/TriviaQuizGame/CS_Assets/CS_Scripts/TQGLoadLevel.cs
  artifactKey: Guid(3bdd66b492b7ae547b9f992f9100d23f) Importer(815301076,1909f56bfc062723c751e8b465ee728b)
Start importing Assets/Puppeteer/TriviaQuizGame/CS_Assets/CS_Scripts/TQGLoadLevel.cs using Guid(3bdd66b492b7ae547b9f992f9100d23f) Importer(815301076,1909f56bfc062723c751e8b465ee728b)  -> (artifact id: '21259e12738c2831ac2a45d97a4184e3') in 0.002165 seconds 
  Import took 0.005062 seconds .

========================================================================
Received Import Request.
  Time since last request: 7.070050 seconds.
  path: Assets/Puppeteer/TriviaQuizGame/CS_Assets/CS_Scripts/TQGLockLevelButton.cs
  artifactKey: Guid(11d2e83acc4503746970c50ce998c72e) Importer(815301076,1909f56bfc062723c751e8b465ee728b)
Start importing Assets/Puppeteer/TriviaQuizGame/CS_Assets/CS_Scripts/TQGLockLevelButton.cs using Guid(11d2e83acc4503746970c50ce998c72e) Importer(815301076,1909f56bfc062723c751e8b465ee728b)  -> (artifact id: '2a149e56dfe475b7a6fb0afd82d265e3') in 0.002052 seconds 
  Import took 0.008995 seconds .

========================================================================
Received Import Request.
  Time since last request: 0.001315 seconds.
  path: Assets/Puppeteer/TriviaQuizGame/CS_Assets/CS_Scripts/TQGLockLevelButton.cs
  artifactKey: Guid(11d2e83acc4503746970c50ce998c72e) Importer(815301076,1909f56bfc062723c751e8b465ee728b)
Start importing Assets/Puppeteer/TriviaQuizGame/CS_Assets/CS_Scripts/TQGLockLevelButton.cs using Guid(11d2e83acc4503746970c50ce998c72e) Importer(815301076,1909f56bfc062723c751e8b465ee728b)  -> (artifact id: '2a149e56dfe475b7a6fb0afd82d265e3') in 0.002035 seconds 
  Import took 0.004260 seconds .

========================================================================
Received Import Request.
  Time since last request: 5.977111 seconds.
  path: Assets/Puppeteer/TriviaQuizGame/CS_Assets/CS_Scripts/TQGPause.cs
  artifactKey: Guid(8c3147afe17a80e4687751ce2dfca574) Importer(815301076,1909f56bfc062723c751e8b465ee728b)
Start importing Assets/Puppeteer/TriviaQuizGame/CS_Assets/CS_Scripts/TQGPause.cs using Guid(8c3147afe17a80e4687751ce2dfca574) Importer(815301076,1909f56bfc062723c751e8b465ee728b)  -> (artifact id: '457678b2907bad6e868fdaa89cab758a') in 0.002188 seconds 
  Import took 0.009497 seconds .

========================================================================
Received Import Request.
  Time since last request: 0.000741 seconds.
  path: Assets/Puppeteer/TriviaQuizGame/CS_Assets/CS_Scripts/TQGPause.cs
  artifactKey: Guid(8c3147afe17a80e4687751ce2dfca574) Importer(815301076,1909f56bfc062723c751e8b465ee728b)
Start importing Assets/Puppeteer/TriviaQuizGame/CS_Assets/CS_Scripts/TQGPause.cs using Guid(8c3147afe17a80e4687751ce2dfca574) Importer(815301076,1909f56bfc062723c751e8b465ee728b)  -> (artifact id: '457678b2907bad6e868fdaa89cab758a') in 0.002054 seconds 
  Import took 0.004249 seconds .

========================================================================
Received Import Request.
  Time since last request: 26.081281 seconds.
  path: Assets/Puppeteer/TriviaQuizGame/FLA
  artifactKey: Guid(73061cd7c47a2d54fb9b13a9ae618745) Importer(815301076,1909f56bfc062723c751e8b465ee728b)
Start importing Assets/Puppeteer/TriviaQuizGame/FLA using Guid(73061cd7c47a2d54fb9b13a9ae618745) Importer(815301076,1909f56bfc062723c751e8b465ee728b)  -> (artifact id: '34a934d6cd675fa4de5ebc06491c5e87') in 0.002432 seconds 
  Import took 0.005238 seconds .

========================================================================
Received Import Request.
  Time since last request: 0.001347 seconds.
  path: Assets/Puppeteer/TriviaQuizGame/FLA
  artifactKey: Guid(73061cd7c47a2d54fb9b13a9ae618745) Importer(815301076,1909f56bfc062723c751e8b465ee728b)
Start importing Assets/Puppeteer/TriviaQuizGame/FLA using Guid(73061cd7c47a2d54fb9b13a9ae618745) Importer(815301076,1909f56bfc062723c751e8b465ee728b)  -> (artifact id: '34a934d6cd675fa4de5ebc06491c5e87') in 0.002295 seconds 
  Import took 0.004485 seconds .

========================================================================
Received Import Request.
  Time since last request: 3.979083 seconds.
  path: Assets/Puppeteer/TriviaQuizGame/FLA/QuestionMark.fla
  artifactKey: Guid(24e6158bc858c964e82f7768218352e9) Importer(815301076,1909f56bfc062723c751e8b465ee728b)
Start importing Assets/Puppeteer/TriviaQuizGame/FLA/QuestionMark.fla using Guid(24e6158bc858c964e82f7768218352e9) Importer(815301076,1909f56bfc062723c751e8b465ee728b)  -> (artifact id: '623c9a6995381460266ad74c543f09a4') in 0.014588 seconds 
  Import took 0.018244 seconds .

========================================================================
Received Import Request.
  Time since last request: 5.409724 seconds.
  path: Assets/Puppeteer/TriviaQuizGame/documentation.doc
  artifactKey: Guid(608cf95530f41f14390921e21db2ff0c) Importer(815301076,1909f56bfc062723c751e8b465ee728b)
Start importing Assets/Puppeteer/TriviaQuizGame/documentation.doc using Guid(608cf95530f41f14390921e21db2ff0c) Importer(815301076,1909f56bfc062723c751e8b465ee728b)  -> (artifact id: '037b14e209f9bf2e933ba06971e086d2') in 0.013504 seconds 
  Import took 0.015962 seconds .

AssetImportWorkerClient::OnTransportError - code=2 error=End of file
