Using pre-set license
Built from '2020.3/staging' branch; Version is '2020.3.17f1 (a4537701e4ab) revision 10769271'; Using compiler version '192528614'; Build Type 'Release'
OS: 'Windows 10 Pro; OS build 19042.1237; Version 2009; 64bit' Language: 'en' Physical Memory: 16253 MB
BatchMode: 1, IsHumanControllingUs: 0, StartBugReporterOnCrash: 0, Is64bit: 1, IsPro: 0

COMMAND LINE ARGUMENTS:
C:\Program Files\Unity\Hub\Editor\2020.3.17f1\Editor\Unity.exe
-adb2
-batchMode
-noUpm
-name
AssetImportWorker0
-projectPath
C:/Users/Suz/UnityProjects/RightClick_SandboxGen/New Unity Project
-logFile
Logs/AssetImportWorker0.log
-srvPort
62310
Successfully changed project path to: C:/Users/Suz/UnityProjects/RightClick_SandboxGen/New Unity Project
C:/Users/Suz/UnityProjects/RightClick_SandboxGen/New Unity Project
Using Asset Import Pipeline V2.
Refreshing native plugins compatible for Editor in 27.76 ms, found 2 plugins.
Preloading 0 native plugins for Editor in 0.00 ms.
Initialize engine version: 2020.3.17f1 (a4537701e4ab)
[Subsystems] Discovering subsystems at path C:/Program Files/Unity/Hub/Editor/2020.3.17f1/Editor/Data/Resources/UnitySubsystems
[Subsystems] Discovering subsystems at path C:/Users/Suz/UnityProjects/RightClick_SandboxGen/New Unity Project/Assets
GfxDevice: creating device client; threaded=0
Direct3D:
    Version:  Direct3D 11.0 [level 11.1]
    Renderer: NVIDIA GeForce GTX 1650 Ti (ID=0x1f95)
    Vendor:   
    VRAM:     3962 MB
    Driver:   27.21.14.6172
Initialize mono
Mono path[0] = 'C:/Program Files/Unity/Hub/Editor/2020.3.17f1/Editor/Data/Managed'
Mono path[1] = 'C:/Program Files/Unity/Hub/Editor/2020.3.17f1/Editor/Data/MonoBleedingEdge/lib/mono/unityjit'
Mono config path = 'C:/Program Files/Unity/Hub/Editor/2020.3.17f1/Editor/Data/MonoBleedingEdge/etc'
Using monoOptions --debugger-agent=transport=dt_socket,embedding=1,server=y,suspend=n,address=127.0.0.1:56192
Begin MonoManager ReloadAssembly
Registering precompiled unity dll's ...
Register platform support module: C:/Program Files/Unity/Hub/Editor/2020.3.17f1/Editor/Data/PlaybackEngines/WindowsStandaloneSupport/UnityEditor.WindowsStandalone.Extensions.dll
Registered in 0.001673 seconds.
Native extension for WindowsStandalone target not found
Refreshing native plugins compatible for Editor in 27.04 ms, found 2 plugins.
Preloading 0 native plugins for Editor in 0.00 ms.
Mono: successfully reloaded assembly
- Completed reload, in  0.901 seconds
Domain Reload Profiling:
	ReloadAssembly (902ms)
		BeginReloadAssembly (49ms)
			ExecutionOrderSort (0ms)
			DisableScriptedObjects (0ms)
			BackupInstance (0ms)
			ReleaseScriptingObjects (0ms)
			CreateAndSetChildDomain (1ms)
		EndReloadAssembly (361ms)
			LoadAssemblies (47ms)
			RebuildTransferFunctionScriptingTraits (0ms)
			SetupTypeCache (127ms)
			ReleaseScriptCaches (0ms)
			RebuildScriptCaches (28ms)
			SetupLoadedEditorAssemblies (141ms)
				LogAssemblyErrors (0ms)
				InitializePlatformSupportModulesInManaged (4ms)
				SetLoadedEditorAssemblies (0ms)
				RefreshPlugins (27ms)
				BeforeProcessingInitializeOnLoad (15ms)
				ProcessInitializeOnLoadAttributes (69ms)
				ProcessInitializeOnLoadMethodAttributes (25ms)
				AfterProcessingInitializeOnLoad (0ms)
				EditorAssembliesLoaded (0ms)
			ExecutionOrderSort2 (0ms)
			AwakeInstancesAfterBackupRestoration (0ms)
Platform modules already initialized, skipping
Registering precompiled user dll's ...
Registered in 0.003328 seconds.
Begin MonoManager ReloadAssembly
Native extension for WindowsStandalone target not found
Refreshing native plugins compatible for Editor in 0.33 ms, found 2 plugins.
Preloading 0 native plugins for Editor in 0.00 ms.
Mono: successfully reloaded assembly
- Completed reload, in  0.949 seconds
Domain Reload Profiling:
	ReloadAssembly (950ms)
		BeginReloadAssembly (131ms)
			ExecutionOrderSort (0ms)
			DisableScriptedObjects (4ms)
			BackupInstance (0ms)
			ReleaseScriptingObjects (0ms)
			CreateAndSetChildDomain (18ms)
		EndReloadAssembly (762ms)
			LoadAssemblies (74ms)
			RebuildTransferFunctionScriptingTraits (0ms)
			SetupTypeCache (237ms)
			ReleaseScriptCaches (0ms)
			RebuildScriptCaches (36ms)
			SetupLoadedEditorAssemblies (335ms)
				LogAssemblyErrors (0ms)
				InitializePlatformSupportModulesInManaged (4ms)
				SetLoadedEditorAssemblies (0ms)
				RefreshPlugins (0ms)
				BeforeProcessingInitializeOnLoad (67ms)
				ProcessInitializeOnLoadAttributes (253ms)
				ProcessInitializeOnLoadMethodAttributes (4ms)
				AfterProcessingInitializeOnLoad (5ms)
				EditorAssembliesLoaded (0ms)
			ExecutionOrderSort2 (0ms)
			AwakeInstancesAfterBackupRestoration (5ms)
Platform modules already initialized, skipping
========================================================================
Worker process is ready to serve import requests
Launched and connected shader compiler UnityShaderCompiler.exe after 0.05 seconds
Refreshing native plugins compatible for Editor in 0.31 ms, found 2 plugins.
Preloading 0 native plugins for Editor in 0.00 ms.
Unloading 1423 Unused Serialized files (Serialized files now loaded: 0)
System memory in use before: 65.6 MB.
System memory in use after: 65.7 MB.

Unloading 18 unused Assets to reduce memory usage. Loaded Objects now: 1856.
Total: 2.988800 ms (FindLiveObjects: 0.204800 ms CreateObjectMapping: 0.062200 ms MarkObjects: 2.646500 ms  DeleteObjects: 0.073400 ms)

AssetImportParameters requested are different than current active one (requested -> active):
  custom:framework-win-MediaFoundation: 216162199b28c13a410421893ffa2e32 -> 
  custom:video-decoder-ogg-theora: a1e56fd34408186e4bbccfd4996cb3dc -> 
  custom:container-muxer-webm: aa71ff27fc2769a1b78a27578f13a17b -> 
  custom:container-demuxer-webm: 4f35f7cbe854078d1ac9338744f61a02 -> 
  custom:container-demuxer-ogg: 62fdf1f143b41e24485cea50d1cbac27 -> 
  custom:video-encoder-webm-vp8: eb34c28f22e8b96e1ab97ce403110664 -> 
  custom:video-decoder-webm-vp8: 9c59270c3fd7afecdb556c50c9e8de78 -> 
  custom:audio-decoder-ogg-vorbis: bf7c407c2cedff20999df2af8eb42d56 -> 
  custom:audio-encoder-webm-vorbis: bf7c407c2cedff20999df2af8eb42d56 -> 
========================================================================
Received Import Request.
  path: Assets/Scenes
  artifactKey: Guid(26b88912024012146a675bad12cf6af6) Importer(815301076,1909f56bfc062723c751e8b465ee728b)
Start importing Assets/Scenes using Guid(26b88912024012146a675bad12cf6af6) Importer(815301076,1909f56bfc062723c751e8b465ee728b)  -> (artifact id: '45bec31d8a05e8e34e21d37f642164ac') in 0.004018 seconds 
  Import took 0.006192 seconds .

========================================================================
Received Import Request.
  Time since last request: 0.000392 seconds.
  path: Assets/Puppeteer
  artifactKey: Guid(17e0e7cbc6d955047b1be11ec217f29f) Importer(815301076,1909f56bfc062723c751e8b465ee728b)
Start importing Assets/Puppeteer using Guid(17e0e7cbc6d955047b1be11ec217f29f) Importer(815301076,1909f56bfc062723c751e8b465ee728b)  -> (artifact id: '6a1be59170c87c6b1475e00b83ae99c8') in 0.001793 seconds 
  Import took 0.003959 seconds .

========================================================================
Received Import Request.
  Time since last request: 0.000289 seconds.
  path: Assets/Puppeteer/TriviaQuizGame
  artifactKey: Guid(100d011ecacf38b42be303dd9b6ef16e) Importer(815301076,1909f56bfc062723c751e8b465ee728b)
Start importing Assets/Puppeteer/TriviaQuizGame using Guid(100d011ecacf38b42be303dd9b6ef16e) Importer(815301076,1909f56bfc062723c751e8b465ee728b)  -> (artifact id: 'c06c2377145fa8fa35a358f4d3c1a853') in 0.002076 seconds 
  Import took 0.004138 seconds .

========================================================================
Received Import Request.
  Time since last request: 0.344920 seconds.
  path: Assets/Puppeteer/TriviaQuizGame/CS_Assets
  artifactKey: Guid(30fb270ff4cdbe64d82384c5a08f41a9) Importer(815301076,1909f56bfc062723c751e8b465ee728b)
Start importing Assets/Puppeteer/TriviaQuizGame/CS_Assets using Guid(30fb270ff4cdbe64d82384c5a08f41a9) Importer(815301076,1909f56bfc062723c751e8b465ee728b)  -> (artifact id: '6281d34168cbdcdf7c08451c60f82c05') in 0.002197 seconds 
  Import took 0.004363 seconds .

========================================================================
Received Import Request.
  Time since last request: 0.949568 seconds.
  path: Assets/Puppeteer/TriviaQuizGame/CS_Assets/CS_Scenes
  artifactKey: Guid(749ee8e042331fb4499441fdb1b46f7a) Importer(815301076,1909f56bfc062723c751e8b465ee728b)
Start importing Assets/Puppeteer/TriviaQuizGame/CS_Assets/CS_Scenes using Guid(749ee8e042331fb4499441fdb1b46f7a) Importer(815301076,1909f56bfc062723c751e8b465ee728b)  -> (artifact id: 'c936824e141d0b8283b796662ffd81d2') in 0.002769 seconds 
  Import took 0.005256 seconds .

========================================================================
Received Import Request.
  Time since last request: 0.951439 seconds.
  path: Assets/Puppeteer/TriviaQuizGame/CS_Assets/CS_Scenes/CS_GameLocalXML.unity
  artifactKey: Guid(5e43e82cf3324af4fa2b25f3b2f2fd93) Importer(815301076,1909f56bfc062723c751e8b465ee728b)
Start importing Assets/Puppeteer/TriviaQuizGame/CS_Assets/CS_Scenes/CS_GameLocalXML.unity using Guid(5e43e82cf3324af4fa2b25f3b2f2fd93) Importer(815301076,1909f56bfc062723c751e8b465ee728b)  -> (artifact id: '5f832e2a50a52d17850bd56358d6a68f') in 0.008851 seconds 
  Import took 0.011964 seconds .

========================================================================
Received Import Request.
  Time since last request: 0.946773 seconds.
  path: Assets/Puppeteer/TriviaQuizGame/CS_Assets/CS_Scenes/CS_GameMath.unity
  artifactKey: Guid(72feadb9e1aa43446a31ce0a9fa2e1eb) Importer(815301076,1909f56bfc062723c751e8b465ee728b)
Start importing Assets/Puppeteer/TriviaQuizGame/CS_Assets/CS_Scenes/CS_GameMath.unity using Guid(72feadb9e1aa43446a31ce0a9fa2e1eb) Importer(815301076,1909f56bfc062723c751e8b465ee728b)  -> (artifact id: '59bf78772e8fa69ca66ebe97da33a4f4') in 0.002694 seconds 
  Import took 0.005178 seconds .

========================================================================
Received Import Request.
  Time since last request: 195.045081 seconds.
  path: Assets/Puppeteer/TriviaQuizGame/CS_Assets/CS_Scripts/TQGAnimateColors.cs
  artifactKey: Guid(3e3194343ad30ef4a9c0e9015186b62f) Importer(815301076,1909f56bfc062723c751e8b465ee728b)
Start importing Assets/Puppeteer/TriviaQuizGame/CS_Assets/CS_Scripts/TQGAnimateColors.cs using Guid(3e3194343ad30ef4a9c0e9015186b62f) Importer(815301076,1909f56bfc062723c751e8b465ee728b)  -> (artifact id: 'e31c56286c285417fe18d6bbce5f6519') in 0.025830 seconds 
  Import took 0.027999 seconds .

========================================================================
Received Import Request.
  Time since last request: 23.304972 seconds.
  path: Assets/Puppeteer/TriviaQuizGame/CS_Assets/CS_Scripts/TQGAnimateUI.cs
  artifactKey: Guid(09368062277fc454ea60f6503be85743) Importer(815301076,1909f56bfc062723c751e8b465ee728b)
Start importing Assets/Puppeteer/TriviaQuizGame/CS_Assets/CS_Scripts/TQGAnimateUI.cs using Guid(09368062277fc454ea60f6503be85743) Importer(815301076,1909f56bfc062723c751e8b465ee728b)  -> (artifact id: '400ae5fa2254186262741df5a4817caa') in 0.002276 seconds 
  Import took 0.008729 seconds .

========================================================================
Received Import Request.
  Time since last request: 0.001495 seconds.
  path: Assets/Puppeteer/TriviaQuizGame/CS_Assets/CS_Scripts/TQGAnimateUI.cs
  artifactKey: Guid(09368062277fc454ea60f6503be85743) Importer(815301076,1909f56bfc062723c751e8b465ee728b)
Start importing Assets/Puppeteer/TriviaQuizGame/CS_Assets/CS_Scripts/TQGAnimateUI.cs using Guid(09368062277fc454ea60f6503be85743) Importer(815301076,1909f56bfc062723c751e8b465ee728b)  -> (artifact id: '400ae5fa2254186262741df5a4817caa') in 0.002210 seconds 
  Import took 0.004321 seconds .

========================================================================
Received Import Request.
  Time since last request: 28.830812 seconds.
  path: Assets/Puppeteer/TriviaQuizGame/CS_Assets/CS_Scripts/TQGCategoryGrid.cs
  artifactKey: Guid(8f876442e0073dc4eb0d89667f86ebc3) Importer(815301076,1909f56bfc062723c751e8b465ee728b)
Start importing Assets/Puppeteer/TriviaQuizGame/CS_Assets/CS_Scripts/TQGCategoryGrid.cs using Guid(8f876442e0073dc4eb0d89667f86ebc3) Importer(815301076,1909f56bfc062723c751e8b465ee728b)  -> (artifact id: '3d8d6d0b4e31a38fdac92f273c58f9d4') in 0.002163 seconds 
  Import took 0.004424 seconds .

========================================================================
Received Import Request.
  Time since last request: 0.741360 seconds.
  path: Assets/Puppeteer/TriviaQuizGame/CS_Assets/CS_Scripts/TQGCategorySelector.cs
  artifactKey: Guid(4a963fbbaec48d148b63335b29d64746) Importer(815301076,1909f56bfc062723c751e8b465ee728b)
Start importing Assets/Puppeteer/TriviaQuizGame/CS_Assets/CS_Scripts/TQGCategorySelector.cs using Guid(4a963fbbaec48d148b63335b29d64746) Importer(815301076,1909f56bfc062723c751e8b465ee728b)  -> (artifact id: 'fc7ec1f87f1edd6afe884ef904b7572d') in 0.002961 seconds 
  Import took 0.005538 seconds .

========================================================================
Received Import Request.
  Time since last request: 0.000804 seconds.
  path: Assets/Puppeteer/TriviaQuizGame/CS_Assets/CS_Scripts/TQGCategorySelector.cs
  artifactKey: Guid(4a963fbbaec48d148b63335b29d64746) Importer(815301076,1909f56bfc062723c751e8b465ee728b)
Start importing Assets/Puppeteer/TriviaQuizGame/CS_Assets/CS_Scripts/TQGCategorySelector.cs using Guid(4a963fbbaec48d148b63335b29d64746) Importer(815301076,1909f56bfc062723c751e8b465ee728b)  -> (artifact id: 'fc7ec1f87f1edd6afe884ef904b7572d') in 0.002348 seconds 
  Import took 0.004521 seconds .

========================================================================
Received Import Request.
  Time since last request: 2.110578 seconds.
  path: Assets/Puppeteer/TriviaQuizGame/CS_Assets/CS_Scripts/TQGPlaySound.cs
  artifactKey: Guid(8393f7a8808c1ef46bf841e1711ccd9b) Importer(815301076,1909f56bfc062723c751e8b465ee728b)
Start importing Assets/Puppeteer/TriviaQuizGame/CS_Assets/CS_Scripts/TQGPlaySound.cs using Guid(8393f7a8808c1ef46bf841e1711ccd9b) Importer(815301076,1909f56bfc062723c751e8b465ee728b)  -> (artifact id: '684f6d76bd68dba3f0f18c28d7614042') in 0.002406 seconds 
  Import took 0.004605 seconds .

========================================================================
Received Import Request.
  Time since last request: 0.950515 seconds.
  path: Assets/Puppeteer/TriviaQuizGame/CS_Assets/CS_Scripts/TQGSelectButton.cs
  artifactKey: Guid(f7cb916c4f833ab43b72af55da7ada22) Importer(815301076,1909f56bfc062723c751e8b465ee728b)
Start importing Assets/Puppeteer/TriviaQuizGame/CS_Assets/CS_Scripts/TQGSelectButton.cs using Guid(f7cb916c4f833ab43b72af55da7ada22) Importer(815301076,1909f56bfc062723c751e8b465ee728b)  -> (artifact id: '68e6485dd2f302af03af674d7b2b3d20') in 0.002841 seconds 
  Import took 0.005280 seconds .

AssetImportWorkerClient::OnTransportError - code=2 error=End of file
